<?xml version="1.0" encoding="utf-8"?>
<shfbBuild product="Sandcastle Help File Builder and Tools" version="2017.12.30.2" projectFile="C:\downloads\docs\Docs.shfbproj" started="3/15/2018 11:04:59 AM">
<buildStep step="Initializing">
Finding tools...
The Sandcastle tools are located in &#39;C:\Program Files (x86)\EWSoftware\Sandcastle Help File Builder\&#39;
Searching for HTML Help 1 compiler...
Found HTML Help 1 compiler in &#39;C:\Program Files (x86)\HTML Help Workshop\&#39;
Locating components in the following folder(s):
    C:\downloads\docs
    C:\ProgramData\EWSoftware\Sandcastle Help File Builder\Components and Plug-Ins\
    C:\Program Files (x86)\EWSoftware\Sandcastle Help File Builder\
Using framework reflection data for &#39;.NET Framework 4.6.2&#39; located in &#39;C:\Program Files (x86)\EWSoftware\Sandcastle Help File Builder\Data\.NETFramework&#39;
Using presentation style &#39;VS2013&#39; located in &#39;C:\Program Files (x86)\EWSoftware\Sandcastle Help File Builder\PresentationStyles\VS2013&#39;
Loading and initializing plug-ins...
Lightweight Website Style Version 2017.12.30.2
Copyright &#169; 2006-2017, Eric Woodruff, All Rights Reserved
Portions Copyright &#169; 2014, Sam Harwell, All Rights Reserved
</buildStep>
<buildStep step="ClearWorkFolder">
Clearing working folder...
-------------------------------
Clearing any prior web/markdown output...
</buildStep>
<buildStep step="ValidatingDocumentationSources">
Validating and copying documentation source information
Source: C:\Users\erick\Source\repos\OhmCalculator\Domain.Entity\bin\Debug\Domain.Interface.xml
Source: C:\Users\erick\Source\repos\OhmCalculator\Infrastructure.ExceptionManager\bin\Debug\Domain.Interface.dll
    Found assembly &#39;C:\Users\erick\Source\repos\OhmCalculator\Infrastructure.ExceptionManager\bin\Debug\Domain.Interface.dll&#39;
Source: C:\Users\erick\Source\repos\OhmCalculator\Infrastructure.ExceptionManager\bin\Debug\Infrastructure.ExceptionManager.dll
    Found assembly &#39;C:\Users\erick\Source\repos\OhmCalculator\Infrastructure.ExceptionManager\bin\Debug\Infrastructure.ExceptionManager.dll&#39;
Source: C:\Users\erick\Source\repos\OhmCalculator\Infrastructure.ExceptionManager\bin\Debug\Infrastructure.ExceptionManager.xml
Source: C:\Users\erick\Source\repos\OhmCalculator\Services.UseCase\bin\Debug\Services.UseCase.dll
    Found assembly &#39;C:\Users\erick\Source\repos\OhmCalculator\Services.UseCase\bin\Debug\Services.UseCase.dll&#39;
Source: C:\Users\erick\Source\repos\OhmCalculator\Services.UseCase\bin\Debug\Services.UseCase.xml
Source: C:\Users\erick\Source\repos\OhmCalculator\UI.Web\bin\UI.Web.dll
    Found assembly &#39;C:\Users\erick\Source\repos\OhmCalculator\UI.Web\bin\UI.Web.dll&#39;
Source: C:\Users\erick\Source\repos\OhmCalculator\UI.Web\bin\UI.Web.xml
Source: C:\Users\erick\Source\repos\OhmCalculator\Domain.Entity\bin\Debug\Domain.Entity.dll
    Found assembly &#39;C:\Users\erick\Source\repos\OhmCalculator\Domain.Entity\bin\Debug\Domain.Entity.dll&#39;
Source: C:\Users\erick\Source\repos\OhmCalculator\Domain.Entity\bin\Debug\Domain.Entity.xml

Copying XML comments files
    C:\Users\erick\Source\repos\OhmCalculator\Domain.Entity\bin\Debug\Domain.Interface.xml -&gt; C:\downloads\docs\Help\Working\Domain.Interface.xml
    C:\Users\erick\Source\repos\OhmCalculator\Infrastructure.ExceptionManager\bin\Debug\Infrastructure.ExceptionManager.xml -&gt; C:\downloads\docs\Help\Working\Infrastructure.ExceptionManager.xml
    C:\Users\erick\Source\repos\OhmCalculator\Services.UseCase\bin\Debug\Services.UseCase.xml -&gt; C:\downloads\docs\Help\Working\Services.UseCase.xml
    C:\Users\erick\Source\repos\OhmCalculator\UI.Web\bin\UI.Web.xml -&gt; C:\downloads\docs\Help\Working\UI.Web.xml
    C:\Users\erick\Source\repos\OhmCalculator\Domain.Entity\bin\Debug\Domain.Entity.xml -&gt; C:\downloads\docs\Help\Working\Domain.Entity.xml
</buildStep>
<buildStep step="GenerateSharedContent">
Generating shared content files (en-US, English (United States))...
<plugIn name="Lightweight Website Style" behavior="After" priority="1000">
</plugIn>    Last step completed in 00:00:00.0000
</buildStep>
<buildStep step="GenerateApiFilter">
Generating API filter for MRefBuilder...
    Last step completed in 00:00:00.0156
</buildStep>
<buildStep step="GenerateReflectionInfo">
Generating reflection information...
[C:\Program Files (x86)\MSBuild\14.0\bin\amd64\MSBuild.exe - GenerateRefInfo.proj]
Build started 3/15/2018 11:05:00 AM.
Project &quot;C:\downloads\docs\Help\Working\GenerateRefInfo.proj&quot; on node 1 (default targets).
PrepareForBuild:
  Creating directory &quot;obj\Debug\&quot;.
GenerateRefInfo:
  MRefBuilder (v2017.12.30.2)
  Copyright c 2006-2017, Microsoft Corporation, All Rights Reserved.
  Portions Copyright c 2006-2016, Eric Woodruff, All Rights Reserved.
  No source code context base path specified.  Source context information is unavailable.
  Loaded 5 assemblies for reflection and 1 dependency assemblies.
  Wrote information on 6 namespaces, 12 types, and 43 members
  Copying file from &quot;reflection.org&quot; to &quot;reflection.all&quot;.
  XslTransform (v2017.12.30.2)
  Copyright c 2006-2017, Microsoft Corporation, All Rights Reserved.
  Portions Copyright c 2006-2016, Eric Woodruff, All Rights Reserved.
  Applying XSL transformation &#39;C:\Program Files (x86)\EWSoftware\Sandcastle Help File Builder\ProductionTransforms\MergeDuplicates.xsl&#39;.
Done Building Project &quot;C:\downloads\docs\Help\Working\GenerateRefInfo.proj&quot; (default targets).

Build succeeded.

Time Elapsed 00:00:03.64
    Last step completed in 00:00:04.0210
</buildStep>
<buildStep step="TransformReflectionInfo">
Transforming reflection output...
[C:\Program Files (x86)\MSBuild\14.0\bin\amd64\MSBuild.exe - TransformManifest.proj]
Build started 3/15/2018 11:05:04 AM.
Project &quot;C:\downloads\docs\Help\Working\TransformManifest.proj&quot; on node 1 (default targets).
TransformManifest:
  XslTransform (v2017.12.30.2)
  Copyright c 2006-2017, Microsoft Corporation, All Rights Reserved.
  Portions Copyright c 2006-2016, Eric Woodruff, All Rights Reserved.
  Applying XSL transformation &#39;C:\Program Files (x86)\EWSoftware\Sandcastle Help File Builder\\ProductionTransforms\ApplyVSDocModel.xsl&#39;.
  Copying file from &quot;reflection.xml&quot; to &quot;reflection.nofilenames&quot;.
  XslTransform (v2017.12.30.2)
  Copyright c 2006-2017, Microsoft Corporation, All Rights Reserved.
  Portions Copyright c 2006-2016, Eric Woodruff, All Rights Reserved.
  Applying XSL transformation &#39;C:\Program Files (x86)\EWSoftware\Sandcastle Help File Builder\ProductionTransforms\AddFilenames.xsl&#39;.
  XslTransform (v2017.12.30.2)
  Copyright c 2006-2017, Microsoft Corporation, All Rights Reserved.
  Portions Copyright c 2006-2016, Eric Woodruff, All Rights Reserved.
  Applying XSL transformation &#39;C:\Program Files (x86)\EWSoftware\Sandcastle Help File Builder\ProductionTransforms\ReflectionToManifest.xsl&#39;.
Done Building Project &quot;C:\downloads\docs\Help\Working\TransformManifest.proj&quot; (default targets).

Build succeeded.

Time Elapsed 00:00:02.40
    Last step completed in 00:00:02.8623
</buildStep>
<buildStep step="GenerateNamespaceSummaries">
Generating namespace summary information...
    Last step completed in 00:00:00.0781
</buildStep>
<buildStep step="CopyAdditionalContent">
Copying additional content files...
No additional content to copy
    Last step completed in 00:00:00.0156
</buildStep>
<buildStep step="MergeTablesOfContents">
Merging conceptual and additional tables of contents...
    Last step completed in 00:00:00.0000
</buildStep>
<buildStep step="GenerateIntermediateTableOfContents">
Generating intermediate table of contents file...
[C:\Program Files (x86)\MSBuild\14.0\bin\amd64\MSBuild.exe - GenerateIntermediateTOC.proj]
Build started 3/15/2018 11:05:07 AM.
Project &quot;C:\downloads\docs\Help\Working\GenerateIntermediateTOC.proj&quot; on node 1 (default targets).
GenerateIntermediateTOC:
  XslTransform (v2017.12.30.2)
  Copyright c 2006-2017, Microsoft Corporation, All Rights Reserved.
  Portions Copyright c 2006-2016, Eric Woodruff, All Rights Reserved.
  Applying XSL transformation &#39;C:\Program Files (x86)\EWSoftware\Sandcastle Help File Builder\\ProductionTransforms\CreateVSToc.xsl&#39;.
Done Building Project &quot;C:\downloads\docs\Help\Working\GenerateIntermediateTOC.proj&quot; (default targets).

Build succeeded.

Time Elapsed 00:00:00.40
Generating conceptual content intermediate TOC file...
    Last step completed in 00:00:00.8281
</buildStep>
<buildStep step="CreateBuildAssemblerConfigs">
Creating Sandcastle configuration files...
    sandcastle.config
    Last step completed in 00:00:01.9844
</buildStep>
<buildStep step="MergeCustomConfigs">
Merging custom build component configurations
C:\downloads\docs\Help\Working\sandcastle.config
  Updating reference topic configurations.
  No conceptual content.  Removing conceptual content components.
    Last step completed in 00:00:00.1719
</buildStep>
<buildStep step="BuildTopics">
Building help topics...
[C:\Program Files (x86)\MSBuild\14.0\bin\amd64\MSBuild.exe - BuildTopics.proj]
Build started 3/15/2018 11:05:10 AM.
Project &quot;C:\downloads\docs\Help\Working\BuildTopics.proj&quot; on node 1 (default targets).
BuildTopics:
  BuildAssembler (v2017.12.30.2)
  Copyright c 2006-2017, Microsoft Corporation, All Rights Reserved.
  Portions Copyright c 2006-2016, Eric Woodruff, All Rights Reserved.
  Loading configuration...
  Processing topics...
BuildAssembler : warning : ShowMissingComponent: [N:Domain.Entity] Missing &lt;summary&gt; documentation [C:\downloads\docs\Help\Working\BuildTopics.proj]
BuildAssembler : warning : ShowMissingComponent: [M:Domain.Entity.Resistor.#ctor(System.Drawing.Brush,System.String,System.Int32,System.Int32,System.Double)] Missing &lt;param name=&quot;color&quot;/&gt; documentation [C:\downloads\docs\Help\Working\BuildTopics.proj]
BuildAssembler : warning : ShowMissingComponent: [M:Domain.Entity.Resistor.#ctor(System.Drawing.Brush,System.String,System.Int32,System.Int32,System.Double)] Missing &lt;param name=&quot;name&quot;/&gt; documentation [C:\downloads\docs\Help\Working\BuildTopics.proj]
BuildAssembler : warning : ShowMissingComponent: [M:Domain.Entity.Resistor.#ctor(System.Drawing.Brush,System.String,System.Int32,System.Int32,System.Double)] Missing &lt;param name=&quot;digit&quot;/&gt; documentation [C:\downloads\docs\Help\Working\BuildTopics.proj]
BuildAssembler : warning : ShowMissingComponent: [M:Domain.Entity.Resistor.#ctor(System.Drawing.Brush,System.String,System.Int32,System.Int32,System.Double)] Missing &lt;param name=&quot;multiplier&quot;/&gt; documentation [C:\downloads\docs\Help\Working\BuildTopics.proj]
BuildAssembler : warning : ShowMissingComponent: [M:Domain.Entity.Resistor.#ctor(System.Drawing.Brush,System.String,System.Int32,System.Int32,System.Double)] Missing &lt;param name=&quot;tolerance&quot;/&gt; documentation [C:\downloads\docs\Help\Working\BuildTopics.proj]
BuildAssembler : warning : ShowMissingComponent: [M:Domain.Entity.Resistor.LoadResistorData] Missing &lt;returns&gt; documentation [C:\downloads\docs\Help\Working\BuildTopics.proj]
BuildAssembler : warning : ShowMissingComponent: [P:Domain.Entity.Resistor.MaxResistance] Missing &lt;summary&gt; documentation [C:\downloads\docs\Help\Working\BuildTopics.proj]
BuildAssembler : warning : ShowMissingComponent: [P:Domain.Entity.Resistor.MinResistance] Missing &lt;summary&gt; documentation [C:\downloads\docs\Help\Working\BuildTopics.proj]
BuildAssembler : warning : ShowMissingComponent: [P:Domain.Entity.Resistor.Resistance] Missing &lt;summary&gt; documentation [C:\downloads\docs\Help\Working\BuildTopics.proj]
BuildAssembler : warning : ShowMissingComponent: [M:Domain.Entity.Resistor.UnitConversion(System.Int64)] Missing &lt;summary&gt; documentation [C:\downloads\docs\Help\Working\BuildTopics.proj]
BuildAssembler : warning : ShowMissingComponent: [M:Domain.Entity.Resistor.UnitConversion(System.Int64)] Missing &lt;returns&gt; documentation [C:\downloads\docs\Help\Working\BuildTopics.proj]
BuildAssembler : warning : ShowMissingComponent: [M:Domain.Entity.Resistor.UnitConversion(System.Int64)] Missing &lt;param name=&quot;resistance&quot;/&gt; documentation [C:\downloads\docs\Help\Working\BuildTopics.proj]
BuildAssembler : warning : ShowMissingComponent: [N:Domain.Interface] Missing &lt;summary&gt; documentation [C:\downloads\docs\Help\Working\BuildTopics.proj]
BuildAssembler : warning : ShowMissingComponent: [T:Domain.Interface.IExceptionManager] Missing &lt;summary&gt; documentation [C:\downloads\docs\Help\Working\BuildTopics.proj]
BuildAssembler : warning : ShowMissingComponent: [M:Domain.Interface.IExceptionManager.Handle(System.Exception)] Missing &lt;summary&gt; documentation [C:\downloads\docs\Help\Working\BuildTopics.proj]
BuildAssembler : warning : ShowMissingComponent: [M:Domain.Interface.IExceptionManager.Handle(System.Exception)] Missing &lt;param name=&quot;error&quot;/&gt; documentation [C:\downloads\docs\Help\Working\BuildTopics.proj]
BuildAssembler : warning : ShowMissingComponent: [T:Domain.Interface.IOhmValueCalculator] Missing &lt;summary&gt; documentation [C:\downloads\docs\Help\Working\BuildTopics.proj]
BuildAssembler : warning : ShowMissingComponent: [M:Domain.Interface.IOhmValueCalculator.CalculateOhmValue(System.String,System.String,System.String,System.String)] Missing &lt;summary&gt; documentation [C:\downloads\docs\Help\Working\BuildTopics.proj]
BuildAssembler : warning : ShowMissingComponent: [M:Domain.Interface.IOhmValueCalculator.CalculateOhmValue(System.String,System.String,System.String,System.String)] Missing &lt;returns&gt; documentation [C:\downloads\docs\Help\Working\BuildTopics.proj]
BuildAssembler : warning : ShowMissingComponent: [M:Domain.Interface.IOhmValueCalculator.CalculateOhmValue(System.String,System.String,System.String,System.String)] Missing &lt;param name=&quot;bandAColor&quot;/&gt; documentation [C:\downloads\docs\Help\Working\BuildTopics.proj]
BuildAssembler : warning : ShowMissingComponent: [M:Domain.Interface.IOhmValueCalculator.CalculateOhmValue(System.String,System.String,System.String,System.String)] Missing &lt;param name=&quot;bandBColor&quot;/&gt; documentation [C:\downloads\docs\Help\Working\BuildTopics.proj]
BuildAssembler : warning : ShowMissingComponent: [M:Domain.Interface.IOhmValueCalculator.CalculateOhmValue(System.String,System.String,System.String,System.String)] Missing &lt;param name=&quot;bandCColor&quot;/&gt; documentation [C:\downloads\docs\Help\Working\BuildTopics.proj]
BuildAssembler : warning : ShowMissingComponent: [M:Domain.Interface.IOhmValueCalculator.CalculateOhmValue(System.String,System.String,System.String,System.String)] Missing &lt;param name=&quot;bandDColor&quot;/&gt; documentation [C:\downloads\docs\Help\Working\BuildTopics.proj]
BuildAssembler : warning : ShowMissingComponent: [N:Infrastructure.ExceptionManager] Missing &lt;summary&gt; documentation [C:\downloads\docs\Help\Working\BuildTopics.proj]
BuildAssembler : warning : ShowMissingComponent: [T:Infrastructure.ExceptionManager.DatabaseLogger] Missing &lt;summary&gt; documentation [C:\downloads\docs\Help\Working\BuildTopics.proj]
BuildAssembler : warning : ShowMissingComponent: [M:Infrastructure.ExceptionManager.DatabaseLogger.Handle(System.Exception)] Missing &lt;summary&gt; documentation [C:\downloads\docs\Help\Working\BuildTopics.proj]
BuildAssembler : warning : ShowMissingComponent: [M:Infrastructure.ExceptionManager.DatabaseLogger.Handle(System.Exception)] Missing &lt;param name=&quot;error&quot;/&gt; documentation [C:\downloads\docs\Help\Working\BuildTopics.proj]
BuildAssembler : warning : ShowMissingComponent: [T:Infrastructure.ExceptionManager.EmailLogger] Missing &lt;summary&gt; documentation [C:\downloads\docs\Help\Working\BuildTopics.proj]
BuildAssembler : warning : ShowMissingComponent: [M:Infrastructure.ExceptionManager.EmailLogger.Handle(System.Exception)] Missing &lt;summary&gt; documentation [C:\downloads\docs\Help\Working\BuildTopics.proj]
BuildAssembler : warning : ShowMissingComponent: [M:Infrastructure.ExceptionManager.EmailLogger.Handle(System.Exception)] Missing &lt;param name=&quot;error&quot;/&gt; documentation [C:\downloads\docs\Help\Working\BuildTopics.proj]
BuildAssembler : warning : ShowMissingComponent: [T:Infrastructure.ExceptionManager.FileLogger] Missing &lt;summary&gt; documentation [C:\downloads\docs\Help\Working\BuildTopics.proj]
BuildAssembler : warning : ShowMissingComponent: [M:Infrastructure.ExceptionManager.FileLogger.Handle(System.Exception)] Missing &lt;summary&gt; documentation [C:\downloads\docs\Help\Working\BuildTopics.proj]
BuildAssembler : warning : ShowMissingComponent: [M:Infrastructure.ExceptionManager.FileLogger.Handle(System.Exception)] Missing &lt;param name=&quot;error&quot;/&gt; documentation [C:\downloads\docs\Help\Working\BuildTopics.proj]
BuildAssembler : warning : ShowMissingComponent: [N:Services.UseCase] Missing &lt;summary&gt; documentation [C:\downloads\docs\Help\Working\BuildTopics.proj]
BuildAssembler : warning : ShowMissingComponent: [T:Services.UseCase.ResistorComputations] Missing &lt;summary&gt; documentation [C:\downloads\docs\Help\Working\BuildTopics.proj]
BuildAssembler : warning : ShowMissingComponent: [M:Services.UseCase.ResistorComputations.GetAllComputedValues(System.SByte,System.Double,System.Double,System.Double)] Missing &lt;summary&gt; documentation [C:\downloads\docs\Help\Working\BuildTopics.proj]
BuildAssembler : warning : ShowMissingComponent: [M:Services.UseCase.ResistorComputations.GetAllComputedValues(System.SByte,System.Double,System.Double,System.Double)] Missing &lt;returns&gt; documentation [C:\downloads\docs\Help\Working\BuildTopics.proj]
BuildAssembler : warning : ShowMissingComponent: [M:Services.UseCase.ResistorComputations.GetAllComputedValues(System.SByte,System.Double,System.Double,System.Double)] Missing &lt;param name=&quot;bandAColor&quot;/&gt; documentation [C:\downloads\docs\Help\Working\BuildTopics.proj]
BuildAssembler : warning : ShowMissingComponent: [M:Services.UseCase.ResistorComputations.GetAllComputedValues(System.SByte,System.Double,System.Double,System.Double)] Missing &lt;param name=&quot;bandBColor&quot;/&gt; documentation [C:\downloads\docs\Help\Working\BuildTopics.proj]
BuildAssembler : warning : ShowMissingComponent: [M:Services.UseCase.ResistorComputations.GetAllComputedValues(System.SByte,System.Double,System.Double,System.Double)] Missing &lt;param name=&quot;bandCColor&quot;/&gt; documentation [C:\downloads\docs\Help\Working\BuildTopics.proj]
BuildAssembler : warning : ShowMissingComponent: [M:Services.UseCase.ResistorComputations.GetAllComputedValues(System.SByte,System.Double,System.Double,System.Double)] Missing &lt;param name=&quot;bandDColor&quot;/&gt; documentation [C:\downloads\docs\Help\Working\BuildTopics.proj]
BuildAssembler : warning : ShowMissingComponent: [M:Services.UseCase.ResistorComputations.GetMultiplier(System.String)] Missing &lt;param name=&quot;color&quot;/&gt; documentation [C:\downloads\docs\Help\Working\BuildTopics.proj]
BuildAssembler : warning : ShowMissingComponent: [N:UI.Web] Missing &lt;summary&gt; documentation [C:\downloads\docs\Help\Working\BuildTopics.proj]
BuildAssembler : warning : ShowMissingComponent: [T:UI.Web.BundleConfig] Missing &lt;summary&gt; documentation [C:\downloads\docs\Help\Working\BuildTopics.proj]
BuildAssembler : warning : ShowMissingComponent: [M:UI.Web.BundleConfig.RegisterBundles(System.Web.Optimization.BundleCollection)] Missing &lt;summary&gt; documentation [C:\downloads\docs\Help\Working\BuildTopics.proj]
BuildAssembler : warning : ShowMissingComponent: [M:UI.Web.BundleConfig.RegisterBundles(System.Web.Optimization.BundleCollection)] Missing &lt;param name=&quot;bundles&quot;/&gt; documentation [C:\downloads\docs\Help\Working\BuildTopics.proj]
BuildAssembler : warning : ShowMissingComponent: [T:UI.Web.FilterConfig] Missing &lt;summary&gt; documentation [C:\downloads\docs\Help\Working\BuildTopics.proj]
BuildAssembler : warning : ShowMissingComponent: [M:UI.Web.FilterConfig.RegisterGlobalFilters(System.Web.Mvc.GlobalFilterCollection)] Missing &lt;summary&gt; documentation [C:\downloads\docs\Help\Working\BuildTopics.proj]
BuildAssembler : warning : ShowMissingComponent: [M:UI.Web.FilterConfig.RegisterGlobalFilters(System.Web.Mvc.GlobalFilterCollection)] Missing &lt;param name=&quot;filters&quot;/&gt; documentation [C:\downloads\docs\Help\Working\BuildTopics.proj]
BuildAssembler : warning : ShowMissingComponent: [T:UI.Web.MvcApplication] Missing &lt;summary&gt; documentation [C:\downloads\docs\Help\Working\BuildTopics.proj]
BuildAssembler : warning : ShowMissingComponent: [M:UI.Web.MvcApplication.Application_Start] Missing &lt;summary&gt; documentation [C:\downloads\docs\Help\Working\BuildTopics.proj]
BuildAssembler : warning : ShowMissingComponent: [T:UI.Web.RouteConfig] Missing &lt;summary&gt; documentation [C:\downloads\docs\Help\Working\BuildTopics.proj]
BuildAssembler : warning : ShowMissingComponent: [M:UI.Web.RouteConfig.RegisterRoutes(System.Web.Routing.RouteCollection)] Missing &lt;summary&gt; documentation [C:\downloads\docs\Help\Working\BuildTopics.proj]
BuildAssembler : warning : ShowMissingComponent: [M:UI.Web.RouteConfig.RegisterRoutes(System.Web.Routing.RouteCollection)] Missing &lt;param name=&quot;routes&quot;/&gt; documentation [C:\downloads\docs\Help\Working\BuildTopics.proj]
BuildAssembler : warning : ShowMissingComponent: [N:UI.Web.Controllers] Missing &lt;summary&gt; documentation [C:\downloads\docs\Help\Working\BuildTopics.proj]
BuildAssembler : warning : ShowMissingComponent: [T:UI.Web.Controllers.HomeController] Missing &lt;summary&gt; documentation [C:\downloads\docs\Help\Working\BuildTopics.proj]
BuildAssembler : warning : ShowMissingComponent: [M:UI.Web.Controllers.HomeController.About] Missing &lt;summary&gt; documentation [C:\downloads\docs\Help\Working\BuildTopics.proj]
BuildAssembler : warning : ShowMissingComponent: [M:UI.Web.Controllers.HomeController.About] Missing &lt;returns&gt; documentation [C:\downloads\docs\Help\Working\BuildTopics.proj]
BuildAssembler : warning : ShowMissingComponent: [M:UI.Web.Controllers.HomeController.CalculateOhms(System.Collections.Generic.List{System.String})] Missing &lt;summary&gt; documentation [C:\downloads\docs\Help\Working\BuildTopics.proj]
BuildAssembler : warning : ShowMissingComponent: [M:UI.Web.Controllers.HomeController.CalculateOhms(System.Collections.Generic.List{System.String})] Missing &lt;returns&gt; documentation [C:\downloads\docs\Help\Working\BuildTopics.proj]
BuildAssembler : warning : ShowMissingComponent: [M:UI.Web.Controllers.HomeController.CalculateOhms(System.Collections.Generic.List{System.String})] Missing &lt;param name=&quot;selectedColors&quot;/&gt; documentation [C:\downloads\docs\Help\Working\BuildTopics.proj]
BuildAssembler : warning : ShowMissingComponent: [M:UI.Web.Controllers.HomeController.Contact] Missing &lt;summary&gt; documentation [C:\downloads\docs\Help\Working\BuildTopics.proj]
BuildAssembler : warning : ShowMissingComponent: [M:UI.Web.Controllers.HomeController.Contact] Missing &lt;returns&gt; documentation [C:\downloads\docs\Help\Working\BuildTopics.proj]
BuildAssembler : warning : ShowMissingComponent: [M:UI.Web.Controllers.HomeController.Index] Missing &lt;summary&gt; documentation [C:\downloads\docs\Help\Working\BuildTopics.proj]
BuildAssembler : warning : ShowMissingComponent: [M:UI.Web.Controllers.HomeController.Index] Missing &lt;returns&gt; documentation [C:\downloads\docs\Help\Working\BuildTopics.proj]
  Processed 80 topic(s)
  66 warning(s)
  CopyFromIndexComponent: &quot;reflection&quot; in-memory cache entries used: 5 of 15.
  CopyFromIndexComponent: &quot;comments&quot; in-memory cache entries used: 5 of 30.
Done Building Project &quot;C:\downloads\docs\Help\Working\BuildTopics.proj&quot; (default targets).

Build succeeded.

Time Elapsed 00:00:29.08
    Last step completed in 00:00:29.5186
</buildStep>
<buildStep step="CombiningIntermediateTocFiles">
Combining conceptual and API intermediate TOC files...
    Last step completed in 00:00:00.0000
</buildStep>
<buildStep step="ExtractingHtmlInfo">
Extracting HTML info for HTML Help 1 and/or website...
[C:\Program Files (x86)\MSBuild\14.0\bin\amd64\MSBuild.exe - ExtractHtmlInfo.proj]
Sandcastle Help File Builder and Tools, version 2017.12.30.2
Copyright c 2006-2017, Eric Woodruff, All Rights Reserved
E-Mail: Eric@EWoodruff.us

Using LCID &#39;1033&#39;, code page &#39;65001&#39;, encoding charset &#39;UTF-8&#39;.

Processing Help 1 files in C:\downloads\docs\Help\Working\Output\HtmlHelp1
Processed 80 HTML files
Sorting keywords and generating See Also indices
Saving HTML Help 1 keyword index to C:\downloads\docs\Help\Working\Documentation.hhk
Saving HTML Help 1 table of contents to C:\downloads\docs\Help\Working\Documentation.hhc

Processing website files in C:\downloads\docs\Help\Working\Output\Website
Processed 80 HTML files
Sorting keywords and generating See Also indices
Saving website keyword index to C:\downloads\docs\Help\Working\WebKI.xml
Saving website table of contents to C:\downloads\docs\Help\Working\WebTOC.xml
    Last step completed in 00:00:01.1096
</buildStep>
<buildStep step="CopyStandardHelpContent">
Copying standard help content...
C:\Program Files (x86)\EWSoftware\Sandcastle Help File Builder\PresentationStyles\VS2013\icons\AlertCaution.png -&gt; C:\downloads\docs\Help\Working\Output\HtmlHelp1\icons\AlertCaution.png
C:\Program Files (x86)\EWSoftware\Sandcastle Help File Builder\PresentationStyles\VS2013\icons\AlertNote.png -&gt; C:\downloads\docs\Help\Working\Output\HtmlHelp1\icons\AlertNote.png
C:\Program Files (x86)\EWSoftware\Sandcastle Help File Builder\PresentationStyles\VS2013\icons\AlertSecurity.png -&gt; C:\downloads\docs\Help\Working\Output\HtmlHelp1\icons\AlertSecurity.png
C:\Program Files (x86)\EWSoftware\Sandcastle Help File Builder\PresentationStyles\VS2013\icons\CFW.gif -&gt; C:\downloads\docs\Help\Working\Output\HtmlHelp1\icons\CFW.gif
C:\Program Files (x86)\EWSoftware\Sandcastle Help File Builder\PresentationStyles\VS2013\icons\CodeExample.png -&gt; C:\downloads\docs\Help\Working\Output\HtmlHelp1\icons\CodeExample.png
C:\Program Files (x86)\EWSoftware\Sandcastle Help File Builder\PresentationStyles\VS2013\icons\favicon.ico -&gt; C:\downloads\docs\Help\Working\Output\HtmlHelp1\icons\favicon.ico
C:\Program Files (x86)\EWSoftware\Sandcastle Help File Builder\PresentationStyles\VS2013\icons\privclass.gif -&gt; C:\downloads\docs\Help\Working\Output\HtmlHelp1\icons\privclass.gif
C:\Program Files (x86)\EWSoftware\Sandcastle Help File Builder\PresentationStyles\VS2013\icons\privdelegate.gif -&gt; C:\downloads\docs\Help\Working\Output\HtmlHelp1\icons\privdelegate.gif
C:\Program Files (x86)\EWSoftware\Sandcastle Help File Builder\PresentationStyles\VS2013\icons\privenumeration.gif -&gt; C:\downloads\docs\Help\Working\Output\HtmlHelp1\icons\privenumeration.gif
C:\Program Files (x86)\EWSoftware\Sandcastle Help File Builder\PresentationStyles\VS2013\icons\privevent.gif -&gt; C:\downloads\docs\Help\Working\Output\HtmlHelp1\icons\privevent.gif
C:\Program Files (x86)\EWSoftware\Sandcastle Help File Builder\PresentationStyles\VS2013\icons\privextension.gif -&gt; C:\downloads\docs\Help\Working\Output\HtmlHelp1\icons\privextension.gif
C:\Program Files (x86)\EWSoftware\Sandcastle Help File Builder\PresentationStyles\VS2013\icons\privfield.gif -&gt; C:\downloads\docs\Help\Working\Output\HtmlHelp1\icons\privfield.gif
C:\Program Files (x86)\EWSoftware\Sandcastle Help File Builder\PresentationStyles\VS2013\icons\privinterface.gif -&gt; C:\downloads\docs\Help\Working\Output\HtmlHelp1\icons\privinterface.gif
C:\Program Files (x86)\EWSoftware\Sandcastle Help File Builder\PresentationStyles\VS2013\icons\privmethod.gif -&gt; C:\downloads\docs\Help\Working\Output\HtmlHelp1\icons\privmethod.gif
C:\Program Files (x86)\EWSoftware\Sandcastle Help File Builder\PresentationStyles\VS2013\icons\privproperty.gif -&gt; C:\downloads\docs\Help\Working\Output\HtmlHelp1\icons\privproperty.gif
C:\Program Files (x86)\EWSoftware\Sandcastle Help File Builder\PresentationStyles\VS2013\icons\privstructure.gif -&gt; C:\downloads\docs\Help\Working\Output\HtmlHelp1\icons\privstructure.gif
C:\Program Files (x86)\EWSoftware\Sandcastle Help File Builder\PresentationStyles\VS2013\icons\protclass.gif -&gt; C:\downloads\docs\Help\Working\Output\HtmlHelp1\icons\protclass.gif
C:\Program Files (x86)\EWSoftware\Sandcastle Help File Builder\PresentationStyles\VS2013\icons\protdelegate.gif -&gt; C:\downloads\docs\Help\Working\Output\HtmlHelp1\icons\protdelegate.gif
C:\Program Files (x86)\EWSoftware\Sandcastle Help File Builder\PresentationStyles\VS2013\icons\protenumeration.gif -&gt; C:\downloads\docs\Help\Working\Output\HtmlHelp1\icons\protenumeration.gif
C:\Program Files (x86)\EWSoftware\Sandcastle Help File Builder\PresentationStyles\VS2013\icons\protevent.gif -&gt; C:\downloads\docs\Help\Working\Output\HtmlHelp1\icons\protevent.gif
C:\Program Files (x86)\EWSoftware\Sandcastle Help File Builder\PresentationStyles\VS2013\icons\protextension.gif -&gt; C:\downloads\docs\Help\Working\Output\HtmlHelp1\icons\protextension.gif
C:\Program Files (x86)\EWSoftware\Sandcastle Help File Builder\PresentationStyles\VS2013\icons\protfield.gif -&gt; C:\downloads\docs\Help\Working\Output\HtmlHelp1\icons\protfield.gif
C:\Program Files (x86)\EWSoftware\Sandcastle Help File Builder\PresentationStyles\VS2013\icons\protinterface.gif -&gt; C:\downloads\docs\Help\Working\Output\HtmlHelp1\icons\protinterface.gif
C:\Program Files (x86)\EWSoftware\Sandcastle Help File Builder\PresentationStyles\VS2013\icons\protmethod.gif -&gt; C:\downloads\docs\Help\Working\Output\HtmlHelp1\icons\protmethod.gif
C:\Program Files (x86)\EWSoftware\Sandcastle Help File Builder\PresentationStyles\VS2013\icons\protoperator.gif -&gt; C:\downloads\docs\Help\Working\Output\HtmlHelp1\icons\protoperator.gif
C:\Program Files (x86)\EWSoftware\Sandcastle Help File Builder\PresentationStyles\VS2013\icons\protproperty.gif -&gt; C:\downloads\docs\Help\Working\Output\HtmlHelp1\icons\protproperty.gif
C:\Program Files (x86)\EWSoftware\Sandcastle Help File Builder\PresentationStyles\VS2013\icons\protstructure.gif -&gt; C:\downloads\docs\Help\Working\Output\HtmlHelp1\icons\protstructure.gif
C:\Program Files (x86)\EWSoftware\Sandcastle Help File Builder\PresentationStyles\VS2013\icons\pubclass.gif -&gt; C:\downloads\docs\Help\Working\Output\HtmlHelp1\icons\pubclass.gif
C:\Program Files (x86)\EWSoftware\Sandcastle Help File Builder\PresentationStyles\VS2013\icons\pubdelegate.gif -&gt; C:\downloads\docs\Help\Working\Output\HtmlHelp1\icons\pubdelegate.gif
C:\Program Files (x86)\EWSoftware\Sandcastle Help File Builder\PresentationStyles\VS2013\icons\pubenumeration.gif -&gt; C:\downloads\docs\Help\Working\Output\HtmlHelp1\icons\pubenumeration.gif
C:\Program Files (x86)\EWSoftware\Sandcastle Help File Builder\PresentationStyles\VS2013\icons\pubevent.gif -&gt; C:\downloads\docs\Help\Working\Output\HtmlHelp1\icons\pubevent.gif
C:\Program Files (x86)\EWSoftware\Sandcastle Help File Builder\PresentationStyles\VS2013\icons\pubextension.gif -&gt; C:\downloads\docs\Help\Working\Output\HtmlHelp1\icons\pubextension.gif
C:\Program Files (x86)\EWSoftware\Sandcastle Help File Builder\PresentationStyles\VS2013\icons\pubfield.gif -&gt; C:\downloads\docs\Help\Working\Output\HtmlHelp1\icons\pubfield.gif
C:\Program Files (x86)\EWSoftware\Sandcastle Help File Builder\PresentationStyles\VS2013\icons\pubinterface.gif -&gt; C:\downloads\docs\Help\Working\Output\HtmlHelp1\icons\pubinterface.gif
C:\Program Files (x86)\EWSoftware\Sandcastle Help File Builder\PresentationStyles\VS2013\icons\pubmethod.gif -&gt; C:\downloads\docs\Help\Working\Output\HtmlHelp1\icons\pubmethod.gif
C:\Program Files (x86)\EWSoftware\Sandcastle Help File Builder\PresentationStyles\VS2013\icons\puboperator.gif -&gt; C:\downloads\docs\Help\Working\Output\HtmlHelp1\icons\puboperator.gif
C:\Program Files (x86)\EWSoftware\Sandcastle Help File Builder\PresentationStyles\VS2013\icons\pubproperty.gif -&gt; C:\downloads\docs\Help\Working\Output\HtmlHelp1\icons\pubproperty.gif
C:\Program Files (x86)\EWSoftware\Sandcastle Help File Builder\PresentationStyles\VS2013\icons\pubstructure.gif -&gt; C:\downloads\docs\Help\Working\Output\HtmlHelp1\icons\pubstructure.gif
C:\Program Files (x86)\EWSoftware\Sandcastle Help File Builder\PresentationStyles\VS2013\icons\SectionCollapsed.png -&gt; C:\downloads\docs\Help\Working\Output\HtmlHelp1\icons\SectionCollapsed.png
C:\Program Files (x86)\EWSoftware\Sandcastle Help File Builder\PresentationStyles\VS2013\icons\SectionExpanded.png -&gt; C:\downloads\docs\Help\Working\Output\HtmlHelp1\icons\SectionExpanded.png
C:\Program Files (x86)\EWSoftware\Sandcastle Help File Builder\PresentationStyles\VS2013\icons\slMobile.gif -&gt; C:\downloads\docs\Help\Working\Output\HtmlHelp1\icons\slMobile.gif
C:\Program Files (x86)\EWSoftware\Sandcastle Help File Builder\PresentationStyles\VS2013\icons\static.gif -&gt; C:\downloads\docs\Help\Working\Output\HtmlHelp1\icons\static.gif
C:\Program Files (x86)\EWSoftware\Sandcastle Help File Builder\PresentationStyles\VS2013\icons\xna.gif -&gt; C:\downloads\docs\Help\Working\Output\HtmlHelp1\icons\xna.gif
C:\Program Files (x86)\EWSoftware\Sandcastle Help File Builder\PresentationStyles\VS2013\scripts\branding.js -&gt; C:\downloads\docs\Help\Working\Output\HtmlHelp1\scripts\branding.js
C:\Program Files (x86)\EWSoftware\Sandcastle Help File Builder\PresentationStyles\VS2013\styles\branding-cs-CZ.css -&gt; C:\downloads\docs\Help\Working\Output\HtmlHelp1\styles\branding-cs-CZ.css
C:\Program Files (x86)\EWSoftware\Sandcastle Help File Builder\PresentationStyles\VS2013\styles\branding-de-DE.css -&gt; C:\downloads\docs\Help\Working\Output\HtmlHelp1\styles\branding-de-DE.css
C:\Program Files (x86)\EWSoftware\Sandcastle Help File Builder\PresentationStyles\VS2013\styles\branding-en-US.css -&gt; C:\downloads\docs\Help\Working\Output\HtmlHelp1\styles\branding-en-US.css
C:\Program Files (x86)\EWSoftware\Sandcastle Help File Builder\PresentationStyles\VS2013\styles\branding-es-ES.css -&gt; C:\downloads\docs\Help\Working\Output\HtmlHelp1\styles\branding-es-ES.css
C:\Program Files (x86)\EWSoftware\Sandcastle Help File Builder\PresentationStyles\VS2013\styles\branding-fr-FR.css -&gt; C:\downloads\docs\Help\Working\Output\HtmlHelp1\styles\branding-fr-FR.css
C:\Program Files (x86)\EWSoftware\Sandcastle Help File Builder\PresentationStyles\VS2013\styles\branding-Help1.css -&gt; C:\downloads\docs\Help\Working\Output\HtmlHelp1\styles\branding-Help1.css
C:\Program Files (x86)\EWSoftware\Sandcastle Help File Builder\PresentationStyles\VS2013\styles\branding-HelpViewer.css -&gt; C:\downloads\docs\Help\Working\Output\HtmlHelp1\styles\branding-HelpViewer.css
C:\Program Files (x86)\EWSoftware\Sandcastle Help File Builder\PresentationStyles\VS2013\styles\branding-it-IT.css -&gt; C:\downloads\docs\Help\Working\Output\HtmlHelp1\styles\branding-it-IT.css
C:\Program Files (x86)\EWSoftware\Sandcastle Help File Builder\PresentationStyles\VS2013\styles\branding-ja-JP.css -&gt; C:\downloads\docs\Help\Working\Output\HtmlHelp1\styles\branding-ja-JP.css
C:\Program Files (x86)\EWSoftware\Sandcastle Help File Builder\PresentationStyles\VS2013\styles\branding-ko-KR.css -&gt; C:\downloads\docs\Help\Working\Output\HtmlHelp1\styles\branding-ko-KR.css
C:\Program Files (x86)\EWSoftware\Sandcastle Help File Builder\PresentationStyles\VS2013\styles\branding-pl-PL.css -&gt; C:\downloads\docs\Help\Working\Output\HtmlHelp1\styles\branding-pl-PL.css
C:\Program Files (x86)\EWSoftware\Sandcastle Help File Builder\PresentationStyles\VS2013\styles\branding-pt-BR.css -&gt; C:\downloads\docs\Help\Working\Output\HtmlHelp1\styles\branding-pt-BR.css
C:\Program Files (x86)\EWSoftware\Sandcastle Help File Builder\PresentationStyles\VS2013\styles\branding-ru-RU.css -&gt; C:\downloads\docs\Help\Working\Output\HtmlHelp1\styles\branding-ru-RU.css
C:\Program Files (x86)\EWSoftware\Sandcastle Help File Builder\PresentationStyles\VS2013\styles\branding-tr-TR.css -&gt; C:\downloads\docs\Help\Working\Output\HtmlHelp1\styles\branding-tr-TR.css
C:\Program Files (x86)\EWSoftware\Sandcastle Help File Builder\PresentationStyles\VS2013\styles\branding-Website.css -&gt; C:\downloads\docs\Help\Working\Output\HtmlHelp1\styles\branding-Website.css
C:\Program Files (x86)\EWSoftware\Sandcastle Help File Builder\PresentationStyles\VS2013\styles\branding-zh-CN.css -&gt; C:\downloads\docs\Help\Working\Output\HtmlHelp1\styles\branding-zh-CN.css
C:\Program Files (x86)\EWSoftware\Sandcastle Help File Builder\PresentationStyles\VS2013\styles\branding-zh-TW.css -&gt; C:\downloads\docs\Help\Working\Output\HtmlHelp1\styles\branding-zh-TW.css
C:\Program Files (x86)\EWSoftware\Sandcastle Help File Builder\PresentationStyles\VS2013\styles\branding.css -&gt; C:\downloads\docs\Help\Working\Output\HtmlHelp1\styles\branding.css
C:\Program Files (x86)\EWSoftware\Sandcastle Help File Builder\PresentationStyles\VS2013\icons\AlertCaution.png -&gt; C:\downloads\docs\Help\Working\Output\Website\icons\AlertCaution.png
C:\Program Files (x86)\EWSoftware\Sandcastle Help File Builder\PresentationStyles\VS2013\icons\AlertNote.png -&gt; C:\downloads\docs\Help\Working\Output\Website\icons\AlertNote.png
C:\Program Files (x86)\EWSoftware\Sandcastle Help File Builder\PresentationStyles\VS2013\icons\AlertSecurity.png -&gt; C:\downloads\docs\Help\Working\Output\Website\icons\AlertSecurity.png
C:\Program Files (x86)\EWSoftware\Sandcastle Help File Builder\PresentationStyles\VS2013\icons\CFW.gif -&gt; C:\downloads\docs\Help\Working\Output\Website\icons\CFW.gif
C:\Program Files (x86)\EWSoftware\Sandcastle Help File Builder\PresentationStyles\VS2013\icons\CodeExample.png -&gt; C:\downloads\docs\Help\Working\Output\Website\icons\CodeExample.png
C:\Program Files (x86)\EWSoftware\Sandcastle Help File Builder\PresentationStyles\VS2013\icons\favicon.ico -&gt; C:\downloads\docs\Help\Working\Output\Website\icons\favicon.ico
C:\Program Files (x86)\EWSoftware\Sandcastle Help File Builder\PresentationStyles\VS2013\icons\privclass.gif -&gt; C:\downloads\docs\Help\Working\Output\Website\icons\privclass.gif
C:\Program Files (x86)\EWSoftware\Sandcastle Help File Builder\PresentationStyles\VS2013\icons\privdelegate.gif -&gt; C:\downloads\docs\Help\Working\Output\Website\icons\privdelegate.gif
C:\Program Files (x86)\EWSoftware\Sandcastle Help File Builder\PresentationStyles\VS2013\icons\privenumeration.gif -&gt; C:\downloads\docs\Help\Working\Output\Website\icons\privenumeration.gif
C:\Program Files (x86)\EWSoftware\Sandcastle Help File Builder\PresentationStyles\VS2013\icons\privevent.gif -&gt; C:\downloads\docs\Help\Working\Output\Website\icons\privevent.gif
C:\Program Files (x86)\EWSoftware\Sandcastle Help File Builder\PresentationStyles\VS2013\icons\privextension.gif -&gt; C:\downloads\docs\Help\Working\Output\Website\icons\privextension.gif
C:\Program Files (x86)\EWSoftware\Sandcastle Help File Builder\PresentationStyles\VS2013\icons\privfield.gif -&gt; C:\downloads\docs\Help\Working\Output\Website\icons\privfield.gif
C:\Program Files (x86)\EWSoftware\Sandcastle Help File Builder\PresentationStyles\VS2013\icons\privinterface.gif -&gt; C:\downloads\docs\Help\Working\Output\Website\icons\privinterface.gif
C:\Program Files (x86)\EWSoftware\Sandcastle Help File Builder\PresentationStyles\VS2013\icons\privmethod.gif -&gt; C:\downloads\docs\Help\Working\Output\Website\icons\privmethod.gif
C:\Program Files (x86)\EWSoftware\Sandcastle Help File Builder\PresentationStyles\VS2013\icons\privproperty.gif -&gt; C:\downloads\docs\Help\Working\Output\Website\icons\privproperty.gif
C:\Program Files (x86)\EWSoftware\Sandcastle Help File Builder\PresentationStyles\VS2013\icons\privstructure.gif -&gt; C:\downloads\docs\Help\Working\Output\Website\icons\privstructure.gif
C:\Program Files (x86)\EWSoftware\Sandcastle Help File Builder\PresentationStyles\VS2013\icons\protclass.gif -&gt; C:\downloads\docs\Help\Working\Output\Website\icons\protclass.gif
C:\Program Files (x86)\EWSoftware\Sandcastle Help File Builder\PresentationStyles\VS2013\icons\protdelegate.gif -&gt; C:\downloads\docs\Help\Working\Output\Website\icons\protdelegate.gif
C:\Program Files (x86)\EWSoftware\Sandcastle Help File Builder\PresentationStyles\VS2013\icons\protenumeration.gif -&gt; C:\downloads\docs\Help\Working\Output\Website\icons\protenumeration.gif
C:\Program Files (x86)\EWSoftware\Sandcastle Help File Builder\PresentationStyles\VS2013\icons\protevent.gif -&gt; C:\downloads\docs\Help\Working\Output\Website\icons\protevent.gif
C:\Program Files (x86)\EWSoftware\Sandcastle Help File Builder\PresentationStyles\VS2013\icons\protextension.gif -&gt; C:\downloads\docs\Help\Working\Output\Website\icons\protextension.gif
C:\Program Files (x86)\EWSoftware\Sandcastle Help File Builder\PresentationStyles\VS2013\icons\protfield.gif -&gt; C:\downloads\docs\Help\Working\Output\Website\icons\protfield.gif
C:\Program Files (x86)\EWSoftware\Sandcastle Help File Builder\PresentationStyles\VS2013\icons\protinterface.gif -&gt; C:\downloads\docs\Help\Working\Output\Website\icons\protinterface.gif
C:\Program Files (x86)\EWSoftware\Sandcastle Help File Builder\PresentationStyles\VS2013\icons\protmethod.gif -&gt; C:\downloads\docs\Help\Working\Output\Website\icons\protmethod.gif
C:\Program Files (x86)\EWSoftware\Sandcastle Help File Builder\PresentationStyles\VS2013\icons\protoperator.gif -&gt; C:\downloads\docs\Help\Working\Output\Website\icons\protoperator.gif
C:\Program Files (x86)\EWSoftware\Sandcastle Help File Builder\PresentationStyles\VS2013\icons\protproperty.gif -&gt; C:\downloads\docs\Help\Working\Output\Website\icons\protproperty.gif
C:\Program Files (x86)\EWSoftware\Sandcastle Help File Builder\PresentationStyles\VS2013\icons\protstructure.gif -&gt; C:\downloads\docs\Help\Working\Output\Website\icons\protstructure.gif
C:\Program Files (x86)\EWSoftware\Sandcastle Help File Builder\PresentationStyles\VS2013\icons\pubclass.gif -&gt; C:\downloads\docs\Help\Working\Output\Website\icons\pubclass.gif
C:\Program Files (x86)\EWSoftware\Sandcastle Help File Builder\PresentationStyles\VS2013\icons\pubdelegate.gif -&gt; C:\downloads\docs\Help\Working\Output\Website\icons\pubdelegate.gif
C:\Program Files (x86)\EWSoftware\Sandcastle Help File Builder\PresentationStyles\VS2013\icons\pubenumeration.gif -&gt; C:\downloads\docs\Help\Working\Output\Website\icons\pubenumeration.gif
C:\Program Files (x86)\EWSoftware\Sandcastle Help File Builder\PresentationStyles\VS2013\icons\pubevent.gif -&gt; C:\downloads\docs\Help\Working\Output\Website\icons\pubevent.gif
C:\Program Files (x86)\EWSoftware\Sandcastle Help File Builder\PresentationStyles\VS2013\icons\pubextension.gif -&gt; C:\downloads\docs\Help\Working\Output\Website\icons\pubextension.gif
C:\Program Files (x86)\EWSoftware\Sandcastle Help File Builder\PresentationStyles\VS2013\icons\pubfield.gif -&gt; C:\downloads\docs\Help\Working\Output\Website\icons\pubfield.gif
C:\Program Files (x86)\EWSoftware\Sandcastle Help File Builder\PresentationStyles\VS2013\icons\pubinterface.gif -&gt; C:\downloads\docs\Help\Working\Output\Website\icons\pubinterface.gif
C:\Program Files (x86)\EWSoftware\Sandcastle Help File Builder\PresentationStyles\VS2013\icons\pubmethod.gif -&gt; C:\downloads\docs\Help\Working\Output\Website\icons\pubmethod.gif
C:\Program Files (x86)\EWSoftware\Sandcastle Help File Builder\PresentationStyles\VS2013\icons\puboperator.gif -&gt; C:\downloads\docs\Help\Working\Output\Website\icons\puboperator.gif
C:\Program Files (x86)\EWSoftware\Sandcastle Help File Builder\PresentationStyles\VS2013\icons\pubproperty.gif -&gt; C:\downloads\docs\Help\Working\Output\Website\icons\pubproperty.gif
C:\Program Files (x86)\EWSoftware\Sandcastle Help File Builder\PresentationStyles\VS2013\icons\pubstructure.gif -&gt; C:\downloads\docs\Help\Working\Output\Website\icons\pubstructure.gif
C:\Program Files (x86)\EWSoftware\Sandcastle Help File Builder\PresentationStyles\VS2013\icons\SectionCollapsed.png -&gt; C:\downloads\docs\Help\Working\Output\Website\icons\SectionCollapsed.png
C:\Program Files (x86)\EWSoftware\Sandcastle Help File Builder\PresentationStyles\VS2013\icons\SectionExpanded.png -&gt; C:\downloads\docs\Help\Working\Output\Website\icons\SectionExpanded.png
C:\Program Files (x86)\EWSoftware\Sandcastle Help File Builder\PresentationStyles\VS2013\icons\slMobile.gif -&gt; C:\downloads\docs\Help\Working\Output\Website\icons\slMobile.gif
C:\Program Files (x86)\EWSoftware\Sandcastle Help File Builder\PresentationStyles\VS2013\icons\static.gif -&gt; C:\downloads\docs\Help\Working\Output\Website\icons\static.gif
C:\Program Files (x86)\EWSoftware\Sandcastle Help File Builder\PresentationStyles\VS2013\icons\xna.gif -&gt; C:\downloads\docs\Help\Working\Output\Website\icons\xna.gif
C:\Program Files (x86)\EWSoftware\Sandcastle Help File Builder\PresentationStyles\VS2013\scripts\branding.js -&gt; C:\downloads\docs\Help\Working\Output\Website\scripts\branding.js
C:\Program Files (x86)\EWSoftware\Sandcastle Help File Builder\PresentationStyles\VS2013\styles\branding-cs-CZ.css -&gt; C:\downloads\docs\Help\Working\Output\Website\styles\branding-cs-CZ.css
C:\Program Files (x86)\EWSoftware\Sandcastle Help File Builder\PresentationStyles\VS2013\styles\branding-de-DE.css -&gt; C:\downloads\docs\Help\Working\Output\Website\styles\branding-de-DE.css
C:\Program Files (x86)\EWSoftware\Sandcastle Help File Builder\PresentationStyles\VS2013\styles\branding-en-US.css -&gt; C:\downloads\docs\Help\Working\Output\Website\styles\branding-en-US.css
C:\Program Files (x86)\EWSoftware\Sandcastle Help File Builder\PresentationStyles\VS2013\styles\branding-es-ES.css -&gt; C:\downloads\docs\Help\Working\Output\Website\styles\branding-es-ES.css
C:\Program Files (x86)\EWSoftware\Sandcastle Help File Builder\PresentationStyles\VS2013\styles\branding-fr-FR.css -&gt; C:\downloads\docs\Help\Working\Output\Website\styles\branding-fr-FR.css
C:\Program Files (x86)\EWSoftware\Sandcastle Help File Builder\PresentationStyles\VS2013\styles\branding-Help1.css -&gt; C:\downloads\docs\Help\Working\Output\Website\styles\branding-Help1.css
C:\Program Files (x86)\EWSoftware\Sandcastle Help File Builder\PresentationStyles\VS2013\styles\branding-HelpViewer.css -&gt; C:\downloads\docs\Help\Working\Output\Website\styles\branding-HelpViewer.css
C:\Program Files (x86)\EWSoftware\Sandcastle Help File Builder\PresentationStyles\VS2013\styles\branding-it-IT.css -&gt; C:\downloads\docs\Help\Working\Output\Website\styles\branding-it-IT.css
C:\Program Files (x86)\EWSoftware\Sandcastle Help File Builder\PresentationStyles\VS2013\styles\branding-ja-JP.css -&gt; C:\downloads\docs\Help\Working\Output\Website\styles\branding-ja-JP.css
C:\Program Files (x86)\EWSoftware\Sandcastle Help File Builder\PresentationStyles\VS2013\styles\branding-ko-KR.css -&gt; C:\downloads\docs\Help\Working\Output\Website\styles\branding-ko-KR.css
C:\Program Files (x86)\EWSoftware\Sandcastle Help File Builder\PresentationStyles\VS2013\styles\branding-pl-PL.css -&gt; C:\downloads\docs\Help\Working\Output\Website\styles\branding-pl-PL.css
C:\Program Files (x86)\EWSoftware\Sandcastle Help File Builder\PresentationStyles\VS2013\styles\branding-pt-BR.css -&gt; C:\downloads\docs\Help\Working\Output\Website\styles\branding-pt-BR.css
C:\Program Files (x86)\EWSoftware\Sandcastle Help File Builder\PresentationStyles\VS2013\styles\branding-ru-RU.css -&gt; C:\downloads\docs\Help\Working\Output\Website\styles\branding-ru-RU.css
C:\Program Files (x86)\EWSoftware\Sandcastle Help File Builder\PresentationStyles\VS2013\styles\branding-tr-TR.css -&gt; C:\downloads\docs\Help\Working\Output\Website\styles\branding-tr-TR.css
C:\Program Files (x86)\EWSoftware\Sandcastle Help File Builder\PresentationStyles\VS2013\styles\branding-Website.css -&gt; C:\downloads\docs\Help\Working\Output\Website\styles\branding-Website.css
C:\Program Files (x86)\EWSoftware\Sandcastle Help File Builder\PresentationStyles\VS2013\styles\branding-zh-CN.css -&gt; C:\downloads\docs\Help\Working\Output\Website\styles\branding-zh-CN.css
C:\Program Files (x86)\EWSoftware\Sandcastle Help File Builder\PresentationStyles\VS2013\styles\branding-zh-TW.css -&gt; C:\downloads\docs\Help\Working\Output\Website\styles\branding-zh-TW.css
C:\Program Files (x86)\EWSoftware\Sandcastle Help File Builder\PresentationStyles\VS2013\styles\branding.css -&gt; C:\downloads\docs\Help\Working\Output\Website\styles\branding.css
C:\Program Files (x86)\EWSoftware\Sandcastle Help File Builder\PresentationStyles\VS2013\Web\index.html -&gt; C:\downloads\docs\Help\Working\Output\Website\index.html
C:\Program Files (x86)\EWSoftware\Sandcastle Help File Builder\PresentationStyles\VS2013\Web\search.html -&gt; C:\downloads\docs\Help\Working\Output\Website\search.html
C:\Program Files (x86)\EWSoftware\Sandcastle Help File Builder\PresentationStyles\VS2013\Web\SearchHelp.aspx -&gt; C:\downloads\docs\Help\Working\Output\Website\SearchHelp.aspx
C:\Program Files (x86)\EWSoftware\Sandcastle Help File Builder\PresentationStyles\VS2013\Web\SearchHelp.inc.php -&gt; C:\downloads\docs\Help\Working\Output\Website\SearchHelp.inc.php
C:\Program Files (x86)\EWSoftware\Sandcastle Help File Builder\PresentationStyles\VS2013\Web\SearchHelp.php -&gt; C:\downloads\docs\Help\Working\Output\Website\SearchHelp.php
C:\Program Files (x86)\EWSoftware\Sandcastle Help File Builder\PresentationStyles\VS2013\Web\Web.Config -&gt; C:\downloads\docs\Help\Working\Output\Website\Web.Config
C:\Program Files (x86)\EWSoftware\Sandcastle Help File Builder\PresentationStyles\VS2013\Web\html\GeneralError.htm -&gt; C:\downloads\docs\Help\Working\Output\Website\html\GeneralError.htm
C:\Program Files (x86)\EWSoftware\Sandcastle Help File Builder\PresentationStyles\VS2013\Web\html\PageNotFound.htm -&gt; C:\downloads\docs\Help\Working\Output\Website\html\PageNotFound.htm
C:\Program Files (x86)\EWSoftware\Sandcastle Help File Builder\PresentationStyles\VS2013\Web\icons\Search.png -&gt; C:\downloads\docs\Help\Working\Output\Website\icons\Search.png
C:\Program Files (x86)\EWSoftware\Sandcastle Help File Builder\PresentationStyles\VS2013\Web\icons\TocClose.gif -&gt; C:\downloads\docs\Help\Working\Output\Website\icons\TocClose.gif
C:\Program Files (x86)\EWSoftware\Sandcastle Help File Builder\PresentationStyles\VS2013\Web\icons\TocCollapsed.gif -&gt; C:\downloads\docs\Help\Working\Output\Website\icons\TocCollapsed.gif
C:\Program Files (x86)\EWSoftware\Sandcastle Help File Builder\PresentationStyles\VS2013\Web\icons\TocExpanded.gif -&gt; C:\downloads\docs\Help\Working\Output\Website\icons\TocExpanded.gif
C:\Program Files (x86)\EWSoftware\Sandcastle Help File Builder\PresentationStyles\VS2013\Web\icons\TocOpen.gif -&gt; C:\downloads\docs\Help\Working\Output\Website\icons\TocOpen.gif
C:\Program Files (x86)\EWSoftware\Sandcastle Help File Builder\PresentationStyles\VS2013\Web\scripts\branding-Website.js -&gt; C:\downloads\docs\Help\Working\Output\Website\scripts\branding-Website.js
C:\Program Files (x86)\EWSoftware\Sandcastle Help File Builder\PresentationStyles\VS2013\Web\scripts\clipboard.min.js -&gt; C:\downloads\docs\Help\Working\Output\Website\scripts\clipboard.min.js
C:\Program Files (x86)\EWSoftware\Sandcastle Help File Builder\PresentationStyles\VS2013\Web\scripts\jquery-1.11.0.min.js -&gt; C:\downloads\docs\Help\Working\Output\Website\scripts\jquery-1.11.0.min.js
    Last step completed in 00:00:03.2679
</buildStep>
<buildStep step="GenerateHelpFormatTableOfContents">
Generating HTML Help 1 table of contents file...
    Last step completed in 00:00:00.0000
</buildStep>
<buildStep step="GenerateHelpFileIndex">
Generating HTML Help 1 index file...
    Last step completed in 00:00:00.0000
</buildStep>
<buildStep step="GenerateHelpProject">
Generating HTML Help 1 project file...
    Last step completed in 00:00:00.0312
</buildStep>
<buildStep step="CompilingHelpFile">
Compiling HTML Help 1 file...
[C:\Program Files (x86)\MSBuild\14.0\bin\amd64\MSBuild.exe - Build1xHelpFile.proj]
  Microsoft HTML Help Compiler 4.74.8702
  
  
  
  Compiling c:\downloads\docs\Help\Working\Output\HtmlHelp1\Documentation.chm
  
  
  
  
  
  Compile time: 0 minutes, 6 seconds
  
  82	Topics
  
  772	Local links
  
  1,391	Internet links
  
  0	Graphics
  
  
  
  
  
  Created c:\downloads\docs\Help\Working\Output\HtmlHelp1\Documentation.chm, 153,581 bytes
  
  Compression decreased file by 715,386 bytes.
  
    Last step completed in 00:00:08.3026
</buildStep>
<buildStep step="GenerateHelpFormatTableOfContents">
Generating website table of contents file...
    Last step completed in 00:00:00.0000
</buildStep>
<buildStep step="GenerateFullTextIndex">
Generating full-text index for the website...

<plugIn name="Lightweight Website Style" behavior="After" priority="1000">
Adding lightweight search and TOC elements to each topic...
</plugIn>    Last step completed in 00:00:02.6749
</buildStep>
<buildStep step="CopyingWebsiteFiles">
Copying website files to output folder...

Copied 215 files for the website content
    Last step completed in 00:00:01.7727
</buildStep>
<buildStep step="CleanIntermediates">
Removing intermediate files...
    Last step completed in 00:00:00.8437
</buildStep>
<buildStep step="Completed">

Build completed successfully at 3/15/2018 11:05:58 AM.  Total time: 00:00:59.0920

</buildStep>
</shfbBuild>
